{"D:\\retry-cdn\\src\\utils.js": {"path":"D:\\retry-cdn\\src\\utils.js","statementMap":{"0":{"start":{"line":8,"column":20},"end":{"line":8,"column":73}},"1":{"start":{"line":10,"column":23},"end":{"line":10,"column":46}},"2":{"start":{"line":12,"column":8},"end":{"line":12,"column":23}},"3":{"start":{"line":20,"column":8},"end":{"line":29,"column":10}},"4":{"start":{"line":21,"column":22},"end":{"line":21,"column":42}},"5":{"start":{"line":22,"column":12},"end":{"line":22,"column":40}},"6":{"start":{"line":23,"column":12},"end":{"line":27,"column":14}},"7":{"start":{"line":24,"column":16},"end":{"line":26,"column":17}},"8":{"start":{"line":25,"column":20},"end":{"line":25,"column":70}},"9":{"start":{"line":28,"column":12},"end":{"line":28,"column":23}},"10":{"start":{"line":37,"column":24},"end":{"line":37,"column":92}},"11":{"start":{"line":37,"column":67},"end":{"line":37,"column":90}},"12":{"start":{"line":38,"column":21},"end":{"line":38,"column":90}},"13":{"start":{"line":38,"column":44},"end":{"line":38,"column":89}},"14":{"start":{"line":39,"column":8},"end":{"line":43,"column":9}},"15":{"start":{"line":40,"column":12},"end":{"line":40,"column":30}},"16":{"start":{"line":42,"column":12},"end":{"line":42,"column":50}},"17":{"start":{"line":53,"column":21},"end":{"line":53,"column":53}},"18":{"start":{"line":54,"column":8},"end":{"line":54,"column":29}},"19":{"start":{"line":55,"column":8},"end":{"line":55,"column":29}},"20":{"start":{"line":56,"column":8},"end":{"line":56,"column":40}},"21":{"start":{"line":57,"column":8},"end":{"line":57,"column":25}},"22":{"start":{"line":58,"column":8},"end":{"line":58,"column":42}},"23":{"start":{"line":66,"column":19},"end":{"line":66,"column":49}},"24":{"start":{"line":67,"column":8},"end":{"line":67,"column":32}},"25":{"start":{"line":68,"column":8},"end":{"line":68,"column":24}},"26":{"start":{"line":69,"column":8},"end":{"line":69,"column":40}}},"fnMap":{"0":{"name":"(anonymous_0)","decl":{"start":{"line":6,"column":4},"end":{"line":6,"column":5}},"loc":{"start":{"line":6,"column":43},"end":{"line":13,"column":5}},"line":6},"1":{"name":"(anonymous_1)","decl":{"start":{"line":19,"column":4},"end":{"line":19,"column":5}},"loc":{"start":{"line":19,"column":30},"end":{"line":30,"column":5}},"line":19},"2":{"name":"(anonymous_2)","decl":{"start":{"line":20,"column":27},"end":{"line":20,"column":28}},"loc":{"start":{"line":20,"column":38},"end":{"line":29,"column":9}},"line":20},"3":{"name":"(anonymous_3)","decl":{"start":{"line":23,"column":37},"end":{"line":23,"column":38}},"loc":{"start":{"line":23,"column":48},"end":{"line":27,"column":13}},"line":23},"4":{"name":"(anonymous_4)","decl":{"start":{"line":36,"column":4},"end":{"line":36,"column":5}},"loc":{"start":{"line":36,"column":39},"end":{"line":44,"column":5}},"line":36},"5":{"name":"(anonymous_5)","decl":{"start":{"line":37,"column":60},"end":{"line":37,"column":61}},"loc":{"start":{"line":37,"column":67},"end":{"line":37,"column":90}},"line":37},"6":{"name":"(anonymous_6)","decl":{"start":{"line":38,"column":34},"end":{"line":38,"column":35}},"loc":{"start":{"line":38,"column":44},"end":{"line":38,"column":89}},"line":38},"7":{"name":"(anonymous_7)","decl":{"start":{"line":52,"column":4},"end":{"line":52,"column":5}},"loc":{"start":{"line":52,"column":41},"end":{"line":59,"column":5}},"line":52},"8":{"name":"(anonymous_8)","decl":{"start":{"line":65,"column":4},"end":{"line":65,"column":5}},"loc":{"start":{"line":65,"column":27},"end":{"line":70,"column":5}},"line":65}},"branchMap":{"0":{"loc":{"start":{"line":10,"column":23},"end":{"line":10,"column":46}},"type":"cond-expr","locations":[{"start":{"line":10,"column":31},"end":{"line":10,"column":39}},{"start":{"line":10,"column":42},"end":{"line":10,"column":46}}],"line":10},"1":{"loc":{"start":{"line":24,"column":16},"end":{"line":26,"column":17}},"type":"if","locations":[{"start":{"line":24,"column":16},"end":{"line":26,"column":17}},{"start":{},"end":{}}],"line":24},"2":{"loc":{"start":{"line":25,"column":20},"end":{"line":25,"column":70}},"type":"cond-expr","locations":[{"start":{"line":25,"column":41},"end":{"line":25,"column":53}},{"start":{"line":25,"column":56},"end":{"line":25,"column":70}}],"line":25},"3":{"loc":{"start":{"line":38,"column":44},"end":{"line":38,"column":89}},"type":"binary-expr","locations":[{"start":{"line":38,"column":44},"end":{"line":38,"column":73}},{"start":{"line":38,"column":77},"end":{"line":38,"column":89}}],"line":38},"4":{"loc":{"start":{"line":39,"column":8},"end":{"line":43,"column":9}},"type":"if","locations":[{"start":{"line":39,"column":8},"end":{"line":43,"column":9}},{"start":{"line":41,"column":15},"end":{"line":43,"column":9}}],"line":39}},"s":{"0":2,"1":2,"2":2,"3":2,"4":2,"5":2,"6":2,"7":2,"8":2,"9":2,"10":2,"11":6,"12":2,"13":5,"14":2,"15":1,"16":1,"17":3,"18":3,"19":3,"20":3,"21":3,"22":3,"23":1,"24":1,"25":1,"26":1},"f":{"0":2,"1":2,"2":2,"3":2,"4":2,"5":6,"6":5,"7":3,"8":1},"b":{"0":[1,1],"1":[2,0],"2":[1,1],"3":[5,5],"4":[1,1]},"_coverageSchema":"1a1c01bbd47fc00a2c39e90264f33305004495a9","hash":"be2fb81a68e72fe39a60e48ce753478901ab0a62"}
}
