{"D:\\retry-cdn\\src\\retry-cdn.js": {"path":"D:\\retry-cdn\\src\\retry-cdn.js","statementMap":{"0":{"start":{"line":5,"column":8},"end":{"line":5,"column":48}},"1":{"start":{"line":5,"column":36},"end":{"line":5,"column":46}},"2":{"start":{"line":6,"column":8},"end":{"line":6,"column":35}},"3":{"start":{"line":7,"column":8},"end":{"line":7,"column":37}},"4":{"start":{"line":8,"column":8},"end":{"line":8,"column":42}},"5":{"start":{"line":9,"column":8},"end":{"line":9,"column":34}},"6":{"start":{"line":10,"column":8},"end":{"line":10,"column":35}},"7":{"start":{"line":11,"column":8},"end":{"line":11,"column":38}},"8":{"start":{"line":12,"column":8},"end":{"line":12,"column":21}},"9":{"start":{"line":18,"column":30},"end":{"line":22,"column":9}},"10":{"start":{"line":23,"column":8},"end":{"line":34,"column":16}},"11":{"start":{"line":24,"column":12},"end":{"line":33,"column":13}},"12":{"start":{"line":25,"column":31},"end":{"line":25,"column":43}},"13":{"start":{"line":26,"column":32},"end":{"line":26,"column":46}},"14":{"start":{"line":27,"column":38},"end":{"line":27,"column":60}},"15":{"start":{"line":28,"column":16},"end":{"line":30,"column":17}},"16":{"start":{"line":29,"column":20},"end":{"line":29,"column":42}},"17":{"start":{"line":32,"column":16},"end":{"line":32,"column":43}},"18":{"start":{"line":36,"column":8},"end":{"line":39,"column":10}},"19":{"start":{"line":37,"column":12},"end":{"line":37,"column":36}},"20":{"start":{"line":38,"column":12},"end":{"line":38,"column":27}},"21":{"start":{"line":48,"column":37},"end":{"line":48,"column":62}},"22":{"start":{"line":49,"column":8},"end":{"line":64,"column":9}},"23":{"start":{"line":50,"column":36},"end":{"line":50,"column":84}},"24":{"start":{"line":51,"column":12},"end":{"line":53,"column":13}},"25":{"start":{"line":52,"column":16},"end":{"line":52,"column":22}},"26":{"start":{"line":54,"column":27},"end":{"line":54,"column":93}},"27":{"start":{"line":55,"column":12},"end":{"line":55,"column":63}},"28":{"start":{"line":57,"column":36},"end":{"line":57,"column":79}},"29":{"start":{"line":59,"column":12},"end":{"line":61,"column":13}},"30":{"start":{"line":60,"column":16},"end":{"line":60,"column":22}},"31":{"start":{"line":62,"column":27},"end":{"line":62,"column":93}},"32":{"start":{"line":63,"column":12},"end":{"line":63,"column":64}},"33":{"start":{"line":73,"column":37},"end":{"line":73,"column":63}},"34":{"start":{"line":74,"column":32},"end":{"line":74,"column":73}},"35":{"start":{"line":75,"column":8},"end":{"line":77,"column":9}},"36":{"start":{"line":76,"column":12},"end":{"line":76,"column":18}},"37":{"start":{"line":78,"column":23},"end":{"line":78,"column":89}},"38":{"start":{"line":79,"column":8},"end":{"line":79,"column":31}},"39":{"start":{"line":88,"column":32},"end":{"line":88,"column":70}},"40":{"start":{"line":89,"column":8},"end":{"line":89,"column":26}},"41":{"start":{"line":89,"column":19},"end":{"line":89,"column":26}},"42":{"start":{"line":91,"column":37},"end":{"line":91,"column":62}},"43":{"start":{"line":92,"column":23},"end":{"line":92,"column":88}},"44":{"start":{"line":93,"column":8},"end":{"line":93,"column":28}},"45":{"start":{"line":104,"column":18},"end":{"line":104,"column":43}},"46":{"start":{"line":106,"column":8},"end":{"line":111,"column":9}},"47":{"start":{"line":107,"column":12},"end":{"line":110,"column":14}},"48":{"start":{"line":112,"column":8},"end":{"line":112,"column":35}},"49":{"start":{"line":113,"column":8},"end":{"line":116,"column":10}},"50":{"start":{"line":123,"column":23},"end":{"line":123,"column":55}},"51":{"start":{"line":124,"column":8},"end":{"line":152,"column":9}},"52":{"start":{"line":125,"column":12},"end":{"line":125,"column":54}},"53":{"start":{"line":125,"column":45},"end":{"line":125,"column":54}},"54":{"start":{"line":126,"column":12},"end":{"line":151,"column":13}},"55":{"start":{"line":128,"column":16},"end":{"line":148,"column":17}},"56":{"start":{"line":128,"column":33},"end":{"line":128,"column":34}},"57":{"start":{"line":129,"column":36},"end":{"line":129,"column":62}},"58":{"start":{"line":131,"column":34},"end":{"line":131,"column":78}},"59":{"start":{"line":132,"column":20},"end":{"line":132,"column":71}},"60":{"start":{"line":132,"column":63},"end":{"line":132,"column":71}},"61":{"start":{"line":134,"column":20},"end":{"line":147,"column":21}},"62":{"start":{"line":135,"column":51},"end":{"line":135,"column":87}},"63":{"start":{"line":136,"column":24},"end":{"line":140,"column":26}},"64":{"start":{"line":142,"column":24},"end":{"line":146,"column":27}},"65":{"start":{"line":150,"column":16},"end":{"line":150,"column":35}},"66":{"start":{"line":159,"column":8},"end":{"line":183,"column":9}},"67":{"start":{"line":161,"column":12},"end":{"line":161,"column":51}},"68":{"start":{"line":161,"column":45},"end":{"line":161,"column":51}},"69":{"start":{"line":163,"column":29},"end":{"line":163,"column":56}},"70":{"start":{"line":164,"column":31},"end":{"line":164,"column":52}},"71":{"start":{"line":165,"column":26},"end":{"line":165,"column":48}},"72":{"start":{"line":167,"column":31},"end":{"line":167,"column":62}},"73":{"start":{"line":168,"column":12},"end":{"line":168,"column":33}},"74":{"start":{"line":168,"column":27},"end":{"line":168,"column":33}},"75":{"start":{"line":170,"column":27},"end":{"line":170,"column":51}},"76":{"start":{"line":171,"column":27},"end":{"line":171,"column":59}},"77":{"start":{"line":172,"column":44},"end":{"line":172,"column":65}},"78":{"start":{"line":174,"column":12},"end":{"line":180,"column":14}},"79":{"start":{"line":175,"column":16},"end":{"line":179,"column":18}},"80":{"start":{"line":176,"column":50},"end":{"line":176,"column":80}},"81":{"start":{"line":177,"column":40},"end":{"line":177,"column":95}},"82":{"start":{"line":178,"column":20},"end":{"line":178,"column":156}},"83":{"start":{"line":182,"column":12},"end":{"line":182,"column":42}},"84":{"start":{"line":192,"column":8},"end":{"line":200,"column":9}},"85":{"start":{"line":193,"column":11},"end":{"line":193,"column":36}},"86":{"start":{"line":195,"column":12},"end":{"line":199,"column":13}},"87":{"start":{"line":196,"column":16},"end":{"line":196,"column":44}},"88":{"start":{"line":198,"column":16},"end":{"line":198,"column":28}},"89":{"start":{"line":209,"column":37},"end":{"line":209,"column":57}},"90":{"start":{"line":210,"column":22},"end":{"line":212,"column":10}},"91":{"start":{"line":211,"column":12},"end":{"line":211,"column":66}},"92":{"start":{"line":213,"column":8},"end":{"line":213,"column":21}}},"fnMap":{"0":{"name":"(anonymous_0)","decl":{"start":{"line":4,"column":4},"end":{"line":4,"column":5}},"loc":{"start":{"line":4,"column":26},"end":{"line":13,"column":5}},"line":4},"1":{"name":"(anonymous_1)","decl":{"start":{"line":17,"column":4},"end":{"line":17,"column":5}},"loc":{"start":{"line":17,"column":11},"end":{"line":40,"column":5}},"line":17},"2":{"name":"(anonymous_2)","decl":{"start":{"line":23,"column":41},"end":{"line":23,"column":42}},"loc":{"start":{"line":23,"column":52},"end":{"line":34,"column":9}},"line":23},"3":{"name":"(anonymous_3)","decl":{"start":{"line":36,"column":52},"end":{"line":36,"column":53}},"loc":{"start":{"line":36,"column":58},"end":{"line":39,"column":9}},"line":36},"4":{"name":"(anonymous_4)","decl":{"start":{"line":47,"column":4},"end":{"line":47,"column":5}},"loc":{"start":{"line":47,"column":23},"end":{"line":65,"column":5}},"line":47},"5":{"name":"(anonymous_5)","decl":{"start":{"line":72,"column":4},"end":{"line":72,"column":5}},"loc":{"start":{"line":72,"column":25},"end":{"line":80,"column":5}},"line":72},"6":{"name":"(anonymous_6)","decl":{"start":{"line":87,"column":4},"end":{"line":87,"column":5}},"loc":{"start":{"line":87,"column":24},"end":{"line":94,"column":5}},"line":87},"7":{"name":"(anonymous_7)","decl":{"start":{"line":102,"column":4},"end":{"line":102,"column":5}},"loc":{"start":{"line":102,"column":33},"end":{"line":117,"column":5}},"line":102},"8":{"name":"(anonymous_8)","decl":{"start":{"line":122,"column":4},"end":{"line":122,"column":5}},"loc":{"start":{"line":122,"column":24},"end":{"line":153,"column":5}},"line":122},"9":{"name":"(anonymous_9)","decl":{"start":{"line":158,"column":4},"end":{"line":158,"column":5}},"loc":{"start":{"line":158,"column":21},"end":{"line":184,"column":5}},"line":158},"10":{"name":"(anonymous_10)","decl":{"start":{"line":174,"column":38},"end":{"line":174,"column":39}},"loc":{"start":{"line":174,"column":68},"end":{"line":180,"column":13}},"line":174},"11":{"name":"(anonymous_11)","decl":{"start":{"line":175,"column":34},"end":{"line":175,"column":35}},"loc":{"start":{"line":175,"column":49},"end":{"line":179,"column":17}},"line":175},"12":{"name":"(anonymous_12)","decl":{"start":{"line":191,"column":4},"end":{"line":191,"column":5}},"loc":{"start":{"line":191,"column":25},"end":{"line":201,"column":5}},"line":191},"13":{"name":"(anonymous_13)","decl":{"start":{"line":208,"column":4},"end":{"line":208,"column":5}},"loc":{"start":{"line":208,"column":24},"end":{"line":214,"column":5}},"line":208},"14":{"name":"(anonymous_14)","decl":{"start":{"line":210,"column":41},"end":{"line":210,"column":42}},"loc":{"start":{"line":210,"column":51},"end":{"line":212,"column":9}},"line":210}},"branchMap":{"0":{"loc":{"start":{"line":5,"column":8},"end":{"line":5,"column":48}},"type":"if","locations":[{"start":{"line":5,"column":8},"end":{"line":5,"column":48}},{"start":{},"end":{}}],"line":5},"1":{"loc":{"start":{"line":28,"column":16},"end":{"line":30,"column":17}},"type":"if","locations":[{"start":{"line":28,"column":16},"end":{"line":30,"column":17}},{"start":{},"end":{}}],"line":28},"2":{"loc":{"start":{"line":28,"column":20},"end":{"line":28,"column":83}},"type":"binary-expr","locations":[{"start":{"line":28,"column":20},"end":{"line":28,"column":33}},{"start":{"line":28,"column":37},"end":{"line":28,"column":83}}],"line":28},"3":{"loc":{"start":{"line":28,"column":57},"end":{"line":28,"column":82}},"type":"binary-expr","locations":[{"start":{"line":28,"column":57},"end":{"line":28,"column":67}},{"start":{"line":28,"column":71},"end":{"line":28,"column":82}}],"line":28},"4":{"loc":{"start":{"line":49,"column":8},"end":{"line":64,"column":9}},"type":"if","locations":[{"start":{"line":49,"column":8},"end":{"line":64,"column":9}},{"start":{"line":56,"column":13},"end":{"line":64,"column":9}}],"line":49},"5":{"loc":{"start":{"line":49,"column":11},"end":{"line":49,"column":39}},"type":"binary-expr","locations":[{"start":{"line":49,"column":11},"end":{"line":49,"column":23}},{"start":{"line":49,"column":27},"end":{"line":49,"column":39}}],"line":49},"6":{"loc":{"start":{"line":51,"column":12},"end":{"line":53,"column":13}},"type":"if","locations":[{"start":{"line":51,"column":12},"end":{"line":53,"column":13}},{"start":{},"end":{}}],"line":51},"7":{"loc":{"start":{"line":54,"column":70},"end":{"line":54,"column":90}},"type":"cond-expr","locations":[{"start":{"line":54,"column":79},"end":{"line":54,"column":85}},{"start":{"line":54,"column":88},"end":{"line":54,"column":90}}],"line":54},"8":{"loc":{"start":{"line":59,"column":12},"end":{"line":61,"column":13}},"type":"if","locations":[{"start":{"line":59,"column":12},"end":{"line":61,"column":13}},{"start":{},"end":{}}],"line":59},"9":{"loc":{"start":{"line":62,"column":70},"end":{"line":62,"column":90}},"type":"cond-expr","locations":[{"start":{"line":62,"column":79},"end":{"line":62,"column":85}},{"start":{"line":62,"column":88},"end":{"line":62,"column":90}}],"line":62},"10":{"loc":{"start":{"line":75,"column":8},"end":{"line":77,"column":9}},"type":"if","locations":[{"start":{"line":75,"column":8},"end":{"line":77,"column":9}},{"start":{},"end":{}}],"line":75},"11":{"loc":{"start":{"line":78,"column":66},"end":{"line":78,"column":86}},"type":"cond-expr","locations":[{"start":{"line":78,"column":75},"end":{"line":78,"column":81}},{"start":{"line":78,"column":84},"end":{"line":78,"column":86}}],"line":78},"12":{"loc":{"start":{"line":89,"column":8},"end":{"line":89,"column":26}},"type":"if","locations":[{"start":{"line":89,"column":8},"end":{"line":89,"column":26}},{"start":{},"end":{}}],"line":89},"13":{"loc":{"start":{"line":92,"column":65},"end":{"line":92,"column":85}},"type":"cond-expr","locations":[{"start":{"line":92,"column":74},"end":{"line":92,"column":80}},{"start":{"line":92,"column":83},"end":{"line":92,"column":85}}],"line":92},"14":{"loc":{"start":{"line":104,"column":18},"end":{"line":104,"column":43}},"type":"binary-expr","locations":[{"start":{"line":104,"column":18},"end":{"line":104,"column":38}},{"start":{"line":104,"column":42},"end":{"line":104,"column":43}}],"line":104},"15":{"loc":{"start":{"line":106,"column":8},"end":{"line":111,"column":9}},"type":"if","locations":[{"start":{"line":106,"column":8},"end":{"line":111,"column":9}},{"start":{},"end":{}}],"line":106},"16":{"loc":{"start":{"line":125,"column":12},"end":{"line":125,"column":54}},"type":"if","locations":[{"start":{"line":125,"column":12},"end":{"line":125,"column":54}},{"start":{},"end":{}}],"line":125},"17":{"loc":{"start":{"line":132,"column":20},"end":{"line":132,"column":71}},"type":"if","locations":[{"start":{"line":132,"column":20},"end":{"line":132,"column":71}},{"start":{},"end":{}}],"line":132},"18":{"loc":{"start":{"line":132,"column":24},"end":{"line":132,"column":61}},"type":"binary-expr","locations":[{"start":{"line":132,"column":24},"end":{"line":132,"column":30}},{"start":{"line":132,"column":34},"end":{"line":132,"column":61}}],"line":132},"19":{"loc":{"start":{"line":134,"column":20},"end":{"line":147,"column":21}},"type":"if","locations":[{"start":{"line":134,"column":20},"end":{"line":147,"column":21}},{"start":{"line":141,"column":27},"end":{"line":147,"column":21}}],"line":134},"20":{"loc":{"start":{"line":161,"column":12},"end":{"line":161,"column":51}},"type":"if","locations":[{"start":{"line":161,"column":12},"end":{"line":161,"column":51}},{"start":{},"end":{}}],"line":161},"21":{"loc":{"start":{"line":168,"column":12},"end":{"line":168,"column":33}},"type":"if","locations":[{"start":{"line":168,"column":12},"end":{"line":168,"column":33}},{"start":{},"end":{}}],"line":168},"22":{"loc":{"start":{"line":177,"column":72},"end":{"line":177,"column":92}},"type":"cond-expr","locations":[{"start":{"line":177,"column":81},"end":{"line":177,"column":87}},{"start":{"line":177,"column":90},"end":{"line":177,"column":92}}],"line":177},"23":{"loc":{"start":{"line":211,"column":43},"end":{"line":211,"column":63}},"type":"cond-expr","locations":[{"start":{"line":211,"column":52},"end":{"line":211,"column":58}},{"start":{"line":211,"column":61},"end":{"line":211,"column":63}}],"line":211}},"s":{"0":10,"1":0,"2":10,"3":10,"4":10,"5":10,"6":10,"7":10,"8":10,"9":10,"10":10,"11":0,"12":0,"13":0,"14":0,"15":0,"16":0,"17":0,"18":10,"19":0,"20":0,"21":3,"22":3,"23":2,"24":2,"25":0,"26":2,"27":2,"28":1,"29":1,"30":0,"31":1,"32":1,"33":1,"34":1,"35":1,"36":0,"37":1,"38":1,"39":1,"40":1,"41":0,"42":1,"43":1,"44":1,"45":9,"46":9,"47":1,"48":8,"49":8,"50":0,"51":0,"52":0,"53":0,"54":0,"55":0,"56":0,"57":0,"58":0,"59":0,"60":0,"61":0,"62":0,"63":0,"64":0,"65":0,"66":0,"67":0,"68":0,"69":0,"70":0,"71":0,"72":0,"73":0,"74":0,"75":0,"76":0,"77":0,"78":0,"79":0,"80":0,"81":0,"82":0,"83":0,"84":3,"85":3,"86":2,"87":2,"88":1,"89":1,"90":1,"91":3,"92":1},"f":{"0":10,"1":10,"2":0,"3":0,"4":3,"5":1,"6":1,"7":9,"8":0,"9":0,"10":0,"11":0,"12":3,"13":1,"14":3},"b":{"0":[0,10],"1":[0,0],"2":[0,0],"3":[0,0],"4":[2,1],"5":[3,2],"6":[0,2],"7":[0,2],"8":[0,1],"9":[0,1],"10":[0,1],"11":[0,1],"12":[0,1],"13":[0,1],"14":[9,6],"15":[1,8],"16":[0,0],"17":[0,0],"18":[0,0],"19":[0,0],"20":[0,0],"21":[0,0],"22":[0,0],"23":[0,3]},"_coverageSchema":"1a1c01bbd47fc00a2c39e90264f33305004495a9","hash":"9ac13a1cb3d16263627a089a236b974bb434e4f6"}
,"D:\\retry-cdn\\src\\utils.js": {"path":"D:\\retry-cdn\\src\\utils.js","statementMap":{"0":{"start":{"line":8,"column":20},"end":{"line":8,"column":73}},"1":{"start":{"line":10,"column":23},"end":{"line":10,"column":46}},"2":{"start":{"line":12,"column":8},"end":{"line":12,"column":23}},"3":{"start":{"line":20,"column":8},"end":{"line":29,"column":10}},"4":{"start":{"line":21,"column":22},"end":{"line":21,"column":42}},"5":{"start":{"line":22,"column":12},"end":{"line":22,"column":40}},"6":{"start":{"line":23,"column":12},"end":{"line":27,"column":14}},"7":{"start":{"line":24,"column":16},"end":{"line":26,"column":17}},"8":{"start":{"line":25,"column":20},"end":{"line":25,"column":70}},"9":{"start":{"line":28,"column":12},"end":{"line":28,"column":23}},"10":{"start":{"line":37,"column":24},"end":{"line":37,"column":92}},"11":{"start":{"line":37,"column":67},"end":{"line":37,"column":90}},"12":{"start":{"line":38,"column":21},"end":{"line":38,"column":90}},"13":{"start":{"line":38,"column":44},"end":{"line":38,"column":89}},"14":{"start":{"line":39,"column":8},"end":{"line":43,"column":9}},"15":{"start":{"line":40,"column":12},"end":{"line":40,"column":30}},"16":{"start":{"line":42,"column":12},"end":{"line":42,"column":50}},"17":{"start":{"line":53,"column":21},"end":{"line":53,"column":53}},"18":{"start":{"line":54,"column":8},"end":{"line":54,"column":29}},"19":{"start":{"line":55,"column":8},"end":{"line":55,"column":29}},"20":{"start":{"line":56,"column":8},"end":{"line":56,"column":40}},"21":{"start":{"line":57,"column":8},"end":{"line":57,"column":25}},"22":{"start":{"line":58,"column":8},"end":{"line":58,"column":42}},"23":{"start":{"line":66,"column":19},"end":{"line":66,"column":49}},"24":{"start":{"line":67,"column":8},"end":{"line":67,"column":32}},"25":{"start":{"line":68,"column":8},"end":{"line":68,"column":24}},"26":{"start":{"line":69,"column":8},"end":{"line":69,"column":40}},"27":{"start":{"line":78,"column":8},"end":{"line":78,"column":62}},"28":{"start":{"line":86,"column":25},"end":{"line":86,"column":107}},"29":{"start":{"line":87,"column":8},"end":{"line":89,"column":9}},"30":{"start":{"line":88,"column":12},"end":{"line":88,"column":43}},"31":{"start":{"line":90,"column":25},"end":{"line":90,"column":42}},"32":{"start":{"line":91,"column":25},"end":{"line":91,"column":36}},"33":{"start":{"line":92,"column":25},"end":{"line":92,"column":43}},"34":{"start":{"line":93,"column":23},"end":{"line":93,"column":74}},"35":{"start":{"line":94,"column":21},"end":{"line":94,"column":66}},"36":{"start":{"line":95,"column":23},"end":{"line":95,"column":72}},"37":{"start":{"line":96,"column":8},"end":{"line":103,"column":10}}},"fnMap":{"0":{"name":"(anonymous_0)","decl":{"start":{"line":6,"column":4},"end":{"line":6,"column":5}},"loc":{"start":{"line":6,"column":43},"end":{"line":13,"column":5}},"line":6},"1":{"name":"(anonymous_1)","decl":{"start":{"line":19,"column":4},"end":{"line":19,"column":5}},"loc":{"start":{"line":19,"column":30},"end":{"line":30,"column":5}},"line":19},"2":{"name":"(anonymous_2)","decl":{"start":{"line":20,"column":27},"end":{"line":20,"column":28}},"loc":{"start":{"line":20,"column":38},"end":{"line":29,"column":9}},"line":20},"3":{"name":"(anonymous_3)","decl":{"start":{"line":23,"column":37},"end":{"line":23,"column":38}},"loc":{"start":{"line":23,"column":48},"end":{"line":27,"column":13}},"line":23},"4":{"name":"(anonymous_4)","decl":{"start":{"line":36,"column":4},"end":{"line":36,"column":5}},"loc":{"start":{"line":36,"column":39},"end":{"line":44,"column":5}},"line":36},"5":{"name":"(anonymous_5)","decl":{"start":{"line":37,"column":60},"end":{"line":37,"column":61}},"loc":{"start":{"line":37,"column":67},"end":{"line":37,"column":90}},"line":37},"6":{"name":"(anonymous_6)","decl":{"start":{"line":38,"column":34},"end":{"line":38,"column":35}},"loc":{"start":{"line":38,"column":44},"end":{"line":38,"column":89}},"line":38},"7":{"name":"(anonymous_7)","decl":{"start":{"line":52,"column":4},"end":{"line":52,"column":5}},"loc":{"start":{"line":52,"column":41},"end":{"line":59,"column":5}},"line":52},"8":{"name":"(anonymous_8)","decl":{"start":{"line":65,"column":4},"end":{"line":65,"column":5}},"loc":{"start":{"line":65,"column":27},"end":{"line":70,"column":5}},"line":65},"9":{"name":"(anonymous_9)","decl":{"start":{"line":76,"column":4},"end":{"line":76,"column":5}},"loc":{"start":{"line":76,"column":32},"end":{"line":79,"column":5}},"line":76},"10":{"name":"(anonymous_10)","decl":{"start":{"line":85,"column":4},"end":{"line":85,"column":5}},"loc":{"start":{"line":85,"column":30},"end":{"line":104,"column":5}},"line":85}},"branchMap":{"0":{"loc":{"start":{"line":10,"column":23},"end":{"line":10,"column":46}},"type":"cond-expr","locations":[{"start":{"line":10,"column":31},"end":{"line":10,"column":39}},{"start":{"line":10,"column":42},"end":{"line":10,"column":46}}],"line":10},"1":{"loc":{"start":{"line":24,"column":16},"end":{"line":26,"column":17}},"type":"if","locations":[{"start":{"line":24,"column":16},"end":{"line":26,"column":17}},{"start":{},"end":{}}],"line":24},"2":{"loc":{"start":{"line":25,"column":20},"end":{"line":25,"column":70}},"type":"cond-expr","locations":[{"start":{"line":25,"column":41},"end":{"line":25,"column":53}},{"start":{"line":25,"column":56},"end":{"line":25,"column":70}}],"line":25},"3":{"loc":{"start":{"line":38,"column":44},"end":{"line":38,"column":89}},"type":"binary-expr","locations":[{"start":{"line":38,"column":44},"end":{"line":38,"column":73}},{"start":{"line":38,"column":77},"end":{"line":38,"column":89}}],"line":38},"4":{"loc":{"start":{"line":39,"column":8},"end":{"line":43,"column":9}},"type":"if","locations":[{"start":{"line":39,"column":8},"end":{"line":43,"column":9}},{"start":{"line":41,"column":15},"end":{"line":43,"column":9}}],"line":39},"5":{"loc":{"start":{"line":87,"column":8},"end":{"line":89,"column":9}},"type":"if","locations":[{"start":{"line":87,"column":8},"end":{"line":89,"column":9}},{"start":{},"end":{}}],"line":87},"6":{"loc":{"start":{"line":90,"column":25},"end":{"line":90,"column":42}},"type":"binary-expr","locations":[{"start":{"line":90,"column":25},"end":{"line":90,"column":36}},{"start":{"line":90,"column":40},"end":{"line":90,"column":42}}],"line":90},"7":{"loc":{"start":{"line":92,"column":25},"end":{"line":92,"column":43}},"type":"binary-expr","locations":[{"start":{"line":92,"column":25},"end":{"line":92,"column":36}},{"start":{"line":92,"column":40},"end":{"line":92,"column":43}}],"line":92},"8":{"loc":{"start":{"line":93,"column":23},"end":{"line":93,"column":74}},"type":"cond-expr","locations":[{"start":{"line":93,"column":37},"end":{"line":93,"column":67}},{"start":{"line":93,"column":70},"end":{"line":93,"column":74}}],"line":93},"9":{"loc":{"start":{"line":94,"column":21},"end":{"line":94,"column":66}},"type":"cond-expr","locations":[{"start":{"line":94,"column":35},"end":{"line":94,"column":59}},{"start":{"line":94,"column":62},"end":{"line":94,"column":66}}],"line":94},"10":{"loc":{"start":{"line":95,"column":26},"end":{"line":95,"column":57}},"type":"cond-expr","locations":[{"start":{"line":95,"column":38},"end":{"line":95,"column":52}},{"start":{"line":95,"column":55},"end":{"line":95,"column":57}}],"line":95}},"s":{"0":2,"1":2,"2":2,"3":2,"4":2,"5":2,"6":2,"7":2,"8":2,"9":2,"10":2,"11":6,"12":2,"13":5,"14":2,"15":1,"16":1,"17":3,"18":3,"19":3,"20":3,"21":3,"22":3,"23":1,"24":1,"25":1,"26":1,"27":2,"28":3,"29":3,"30":1,"31":2,"32":2,"33":2,"34":2,"35":2,"36":2,"37":2},"f":{"0":2,"1":2,"2":2,"3":2,"4":2,"5":6,"6":5,"7":3,"8":1,"9":2,"10":3},"b":{"0":[1,1],"1":[2,0],"2":[1,1],"3":[5,5],"4":[1,1],"5":[1,2],"6":[2,1],"7":[2,0],"8":[2,0],"9":[0,2],"10":[1,1]},"_coverageSchema":"1a1c01bbd47fc00a2c39e90264f33305004495a9","hash":"81949d207549d78bcaf5f8e12b5182480e02677a"}
}
