TN:
SF:src\retry-cdn.js
FN:4,(anonymous_0)
FN:17,(anonymous_1)
FN:18,(anonymous_2)
FN:41,(anonymous_3)
FN:66,(anonymous_4)
FN:81,(anonymous_5)
FN:96,(anonymous_6)
FN:121,(anonymous_7)
FN:123,(anonymous_8)
FN:157,(anonymous_9)
FN:173,(anonymous_10)
FN:174,(anonymous_11)
FN:190,(anonymous_12)
FN:209,(anonymous_13)
FN:211,(anonymous_14)
FNF:15
FNH:9
FNDA:10,(anonymous_0)
FNDA:10,(anonymous_1)
FNDA:0,(anonymous_2)
FNDA:3,(anonymous_3)
FNDA:1,(anonymous_4)
FNDA:1,(anonymous_5)
FNDA:9,(anonymous_6)
FNDA:0,(anonymous_7)
FNDA:0,(anonymous_8)
FNDA:0,(anonymous_9)
FNDA:0,(anonymous_10)
FNDA:0,(anonymous_11)
FNDA:3,(anonymous_12)
FNDA:1,(anonymous_13)
FNDA:3,(anonymous_14)
DA:5,10
DA:6,10
DA:7,10
DA:8,10
DA:9,10
DA:10,10
DA:11,10
DA:12,10
DA:18,10
DA:19,0
DA:20,0
DA:21,0
DA:22,0
DA:24,0
DA:25,0
DA:26,0
DA:42,3
DA:43,3
DA:44,2
DA:45,2
DA:46,0
DA:48,2
DA:49,2
DA:51,1
DA:53,1
DA:54,0
DA:56,1
DA:57,1
DA:67,1
DA:68,1
DA:69,1
DA:70,0
DA:72,1
DA:73,1
DA:82,1
DA:83,1
DA:85,1
DA:86,1
DA:87,1
DA:98,9
DA:100,9
DA:101,1
DA:107,8
DA:108,2
DA:110,6
DA:112,8
DA:122,0
DA:123,0
DA:124,0
DA:125,0
DA:127,0
DA:128,0
DA:130,0
DA:131,0
DA:133,0
DA:134,0
DA:135,0
DA:141,0
DA:149,0
DA:158,0
DA:160,0
DA:162,0
DA:163,0
DA:164,0
DA:166,0
DA:167,0
DA:169,0
DA:170,0
DA:171,0
DA:173,0
DA:174,0
DA:175,0
DA:176,0
DA:177,0
DA:181,0
DA:191,3
DA:192,3
DA:193,2
DA:195,1
DA:196,1
DA:197,0
DA:199,1
DA:210,1
DA:211,1
DA:212,3
DA:214,1
LF:86
LH:46
BRDA:5,0,0,0
BRDA:5,0,1,10
BRDA:20,1,0,0
BRDA:20,1,1,0
BRDA:22,2,0,0
BRDA:22,2,1,0
BRDA:25,3,0,0
BRDA:25,3,1,0
BRDA:43,4,0,2
BRDA:43,4,1,1
BRDA:43,5,0,3
BRDA:43,5,1,2
BRDA:45,6,0,0
BRDA:45,6,1,2
BRDA:48,7,0,0
BRDA:48,7,1,2
BRDA:53,8,0,0
BRDA:53,8,1,1
BRDA:56,9,0,0
BRDA:56,9,1,1
BRDA:69,10,0,0
BRDA:69,10,1,1
BRDA:72,11,0,0
BRDA:72,11,1,1
BRDA:83,12,0,0
BRDA:83,12,1,1
BRDA:86,13,0,0
BRDA:86,13,1,1
BRDA:98,14,0,9
BRDA:98,14,1,6
BRDA:100,15,0,1
BRDA:100,15,1,8
BRDA:107,16,0,2
BRDA:107,16,1,6
BRDA:124,17,0,0
BRDA:124,17,1,0
BRDA:131,18,0,0
BRDA:131,18,1,0
BRDA:133,19,0,0
BRDA:133,19,1,0
BRDA:160,20,0,0
BRDA:160,20,1,0
BRDA:167,21,0,0
BRDA:167,21,1,0
BRDA:176,22,0,0
BRDA:176,22,1,0
BRDA:192,23,0,1
BRDA:192,23,1,1
BRDA:212,24,0,0
BRDA:212,24,1,3
BRF:50
BRH:22
end_of_record
TN:
SF:src\utils.js
FN:6,(anonymous_0)
FN:19,(anonymous_1)
FN:20,(anonymous_2)
FN:23,(anonymous_3)
FN:36,(anonymous_4)
FN:37,(anonymous_5)
FN:38,(anonymous_6)
FN:52,(anonymous_7)
FN:65,(anonymous_8)
FNF:9
FNH:9
FNDA:2,(anonymous_0)
FNDA:2,(anonymous_1)
FNDA:2,(anonymous_2)
FNDA:2,(anonymous_3)
FNDA:2,(anonymous_4)
FNDA:6,(anonymous_5)
FNDA:5,(anonymous_6)
FNDA:3,(anonymous_7)
FNDA:1,(anonymous_8)
DA:8,2
DA:10,2
DA:12,2
DA:20,2
DA:21,2
DA:22,2
DA:23,2
DA:24,2
DA:25,2
DA:28,2
DA:37,6
DA:38,5
DA:39,2
DA:40,1
DA:42,1
DA:53,3
DA:54,3
DA:55,3
DA:56,3
DA:57,3
DA:58,3
DA:66,1
DA:67,1
DA:68,1
DA:69,1
LF:25
LH:25
BRDA:10,0,0,1
BRDA:10,0,1,1
BRDA:24,1,0,2
BRDA:24,1,1,0
BRDA:25,2,0,1
BRDA:25,2,1,1
BRDA:38,3,0,5
BRDA:38,3,1,5
BRDA:39,4,0,1
BRDA:39,4,1,1
BRF:10
BRH:9
end_of_record
