TN:
SF:src\retry-cdn.js
FN:4,(anonymous_0)
FN:17,(anonymous_1)
FN:23,(anonymous_2)
FN:36,(anonymous_3)
FN:47,(anonymous_4)
FN:72,(anonymous_5)
FN:87,(anonymous_6)
FN:102,(anonymous_7)
FN:122,(anonymous_8)
FN:158,(anonymous_9)
FN:174,(anonymous_10)
FN:175,(anonymous_11)
FN:191,(anonymous_12)
FN:208,(anonymous_13)
FN:210,(anonymous_14)
FNF:15
FNH:9
FNDA:10,(anonymous_0)
FNDA:10,(anonymous_1)
FNDA:0,(anonymous_2)
FNDA:0,(anonymous_3)
FNDA:3,(anonymous_4)
FNDA:1,(anonymous_5)
FNDA:1,(anonymous_6)
FNDA:9,(anonymous_7)
FNDA:0,(anonymous_8)
FNDA:0,(anonymous_9)
FNDA:0,(anonymous_10)
FNDA:0,(anonymous_11)
FNDA:3,(anonymous_12)
FNDA:1,(anonymous_13)
FNDA:3,(anonymous_14)
DA:5,10
DA:6,10
DA:7,10
DA:8,10
DA:9,10
DA:10,10
DA:11,10
DA:12,10
DA:18,10
DA:23,10
DA:24,0
DA:25,0
DA:26,0
DA:27,0
DA:28,0
DA:29,0
DA:32,0
DA:36,10
DA:37,0
DA:38,0
DA:48,3
DA:49,3
DA:50,2
DA:51,2
DA:52,0
DA:54,2
DA:55,2
DA:57,1
DA:59,1
DA:60,0
DA:62,1
DA:63,1
DA:73,1
DA:74,1
DA:75,1
DA:76,0
DA:78,1
DA:79,1
DA:88,1
DA:89,1
DA:91,1
DA:92,1
DA:93,1
DA:104,9
DA:106,9
DA:107,1
DA:112,8
DA:113,8
DA:123,0
DA:124,0
DA:125,0
DA:126,0
DA:128,0
DA:129,0
DA:131,0
DA:132,0
DA:134,0
DA:135,0
DA:136,0
DA:142,0
DA:150,0
DA:159,0
DA:161,0
DA:163,0
DA:164,0
DA:165,0
DA:167,0
DA:168,0
DA:170,0
DA:171,0
DA:172,0
DA:174,0
DA:175,0
DA:176,0
DA:177,0
DA:178,0
DA:182,0
DA:192,3
DA:193,3
DA:195,2
DA:196,2
DA:198,1
DA:209,1
DA:210,1
DA:211,3
DA:213,1
LF:86
LH:45
BRDA:5,0,0,0
BRDA:5,0,1,10
BRDA:28,1,0,0
BRDA:28,1,1,0
BRDA:28,2,0,0
BRDA:28,2,1,0
BRDA:28,3,0,0
BRDA:28,3,1,0
BRDA:49,4,0,2
BRDA:49,4,1,1
BRDA:49,5,0,3
BRDA:49,5,1,2
BRDA:51,6,0,0
BRDA:51,6,1,2
BRDA:54,7,0,0
BRDA:54,7,1,2
BRDA:59,8,0,0
BRDA:59,8,1,1
BRDA:62,9,0,0
BRDA:62,9,1,1
BRDA:75,10,0,0
BRDA:75,10,1,1
BRDA:78,11,0,0
BRDA:78,11,1,1
BRDA:89,12,0,0
BRDA:89,12,1,1
BRDA:92,13,0,0
BRDA:92,13,1,1
BRDA:104,14,0,9
BRDA:104,14,1,6
BRDA:106,15,0,1
BRDA:106,15,1,8
BRDA:125,16,0,0
BRDA:125,16,1,0
BRDA:132,17,0,0
BRDA:132,17,1,0
BRDA:132,18,0,0
BRDA:132,18,1,0
BRDA:134,19,0,0
BRDA:134,19,1,0
BRDA:161,20,0,0
BRDA:161,20,1,0
BRDA:168,21,0,0
BRDA:168,21,1,0
BRDA:177,22,0,0
BRDA:177,22,1,0
BRDA:211,23,0,0
BRDA:211,23,1,3
BRF:48
BRH:18
end_of_record
TN:
SF:src\utils.js
FN:6,(anonymous_0)
FN:19,(anonymous_1)
FN:20,(anonymous_2)
FN:23,(anonymous_3)
FN:36,(anonymous_4)
FN:37,(anonymous_5)
FN:38,(anonymous_6)
FN:52,(anonymous_7)
FN:65,(anonymous_8)
FN:76,(anonymous_9)
FN:85,(anonymous_10)
FNF:11
FNH:11
FNDA:2,(anonymous_0)
FNDA:2,(anonymous_1)
FNDA:2,(anonymous_2)
FNDA:2,(anonymous_3)
FNDA:2,(anonymous_4)
FNDA:6,(anonymous_5)
FNDA:5,(anonymous_6)
FNDA:3,(anonymous_7)
FNDA:1,(anonymous_8)
FNDA:2,(anonymous_9)
FNDA:3,(anonymous_10)
DA:8,2
DA:10,2
DA:12,2
DA:20,2
DA:21,2
DA:22,2
DA:23,2
DA:24,2
DA:25,2
DA:28,2
DA:37,6
DA:38,5
DA:39,2
DA:40,1
DA:42,1
DA:53,3
DA:54,3
DA:55,3
DA:56,3
DA:57,3
DA:58,3
DA:66,1
DA:67,1
DA:68,1
DA:69,1
DA:78,2
DA:86,3
DA:87,3
DA:88,1
DA:90,2
DA:91,2
DA:92,2
DA:93,2
DA:94,2
DA:95,2
DA:96,2
LF:36
LH:36
BRDA:10,0,0,1
BRDA:10,0,1,1
BRDA:24,1,0,2
BRDA:24,1,1,0
BRDA:25,2,0,1
BRDA:25,2,1,1
BRDA:38,3,0,5
BRDA:38,3,1,5
BRDA:39,4,0,1
BRDA:39,4,1,1
BRDA:87,5,0,1
BRDA:87,5,1,2
BRDA:90,6,0,2
BRDA:90,6,1,1
BRDA:92,7,0,2
BRDA:92,7,1,0
BRDA:93,8,0,2
BRDA:93,8,1,0
BRDA:94,9,0,0
BRDA:94,9,1,2
BRDA:95,10,0,1
BRDA:95,10,1,1
BRF:22
BRH:18
end_of_record
